<?xml version="1.0" encoding="UTF-8"?>
<!-- Generated by org.testng.reporters.JUnitReportReporter -->
<testsuite hostname="DESKTOP-C1DL1NS" failures="0" tests="1" name="testpkg.Blazedemoregistertest" time="4.844" errors="0" timestamp="2024-01-05T16:17:34 IST" skipped="0">
  <testcase classname="testpkg.Blazedemoregistertest" name="testing" time="4.844"/>
</testsuite> <!-- testpkg.Blazedemoregistertest -->
