<?xml version="1.0" encoding="UTF-8"?>
<!-- Generated by org.testng.reporters.JUnitReportReporter -->
<testsuite hostname="DESKTOP-C1DL1NS" failures="0" tests="2" name="testpkg.Saucetest" time="14.333" errors="0" timestamp="2024-01-09T23:28:37 IST" skipped="0">
  <testcase classname="testpkg.Saucetest" name="testing" time="5.727"/>
  <testcase classname="testpkg.Saucetest" name="test2" time="8.606"/>
</testsuite> <!-- testpkg.Saucetest -->
