<?xml version="1.0" encoding="UTF-8"?>
<!-- Generated by org.testng.reporters.JUnitReportReporter -->
<testsuite hostname="DESKTOP-C1DL1NS" failures="0" tests="1" name="testpkg.Ebaytest" time="38.071" errors="0" timestamp="2024-01-05T17:43:46 IST" skipped="0">
  <testcase classname="testpkg.Ebaytest" name="testing" time="38.071"/>
</testsuite> <!-- testpkg.Ebaytest -->
